# $Id: treeass.c,v 1.4 2001/08/10 06:04:16 shimo Exp $
# reading mam15.tpl
# 15 trees read
# 15 trees, 6 leaves
# edges total: 18
# reverse edges: 0
# 10 base-edges, 7 common-edges, 1 root-edge

# trees: 15
15
((1,(2,3)),4,(5,6)); 1
(1,4,((2,3),(5,6))); 2
(1,((2,3),4),(5,6)); 3
(1,(4,5),((2,3),6)); 4
((1,(2,3)),(4,5),6); 5
(1,((2,3),(4,5)),6); 6
(1,(((2,3),4),5),6); 7
(((1,(2,3)),5),4,6); 8
(((1,5),(2,3)),4,6); 9
(1,4,(((2,3),5),6)); 10
(1,(((2,3),5),4),6); 11
((1,((2,3),5)),4,6); 12
(1,4,(((2,3),6),5)); 13
((1,5),4,((2,3),6)); 14
((1,5),((2,3),4),6); 15

# leaves: 6
6
  1 Homsa
  2 Phovi
  3 Bosta
  4 Orycu
  5 Musmu
  6 Didvi

# base edges: 10
10 6
    123456
  1 +++---
  2 ++++--
  3 +--+--
  4 -+++--
  5 ---++-
  6 +--++-
  7 -++++-
  8 +++-+-
  9 +---+-
 10 -++-+-

# common edges: 7
7 6
    123456
 11 +-----
 12 -++---
 13 -+----
 14 --+---
 15 ---+--
 16 ----+-
 17 +++++-

# tree->edge
15
  1   2  1 2 
  2   2  2 3 
  3   2  2 4 
  4   2  5 6 
  5   2  1 5 
  6   2  5 7 
  7   2  4 7 
  8   2  1 8 
  9   2  8 9 
 10   2  3 10 
 11   2  7 10 
 12   2  8 10 
 13   2  3 6 
 14   2  6 9 
 15   2  4 9 

# edge->tree
10
  1   3  1 5 8
  2   3  1 2 3
  3   3  2 10 13
  4   3  3 7 15
  5   3  4 5 6
  6   3  4 13 14
  7   3  6 7 11
  8   3  8 9 12
  9   3  9 14 15
 10   3  10 11 12

# writing mam15.ass
# exit normally
